[2018-09-10 09:57:34] app_routes.INFO: class is not exists [] []
[2018-09-10 10:01:01] app_routes.INFO: class is not exists [] []
[2018-09-10 10:01:09] app_routes.INFO: class is not exists [] []
[2018-09-13 04:37:58] app_routes.INFO: No routes found for "/favicon.ico". [] []
[2018-09-14 05:15:09] app_routes.INFO: No routes found for "/favicon.ico". [] []
[2018-09-14 05:15:49] app_routes.INFO: No routes found for "/favicon.ico". [] []
[2018-09-14 05:15:49] app_routes.INFO: No routes found for "/favicon.ico". [] []
[2018-09-14 05:24:18] app_routes.INFO: No routes found for "/favicon.ico". [] []
[2018-09-14 05:24:37] app_routes.INFO: No routes found for "/favicon.ico". [] []
[2018-09-14 05:25:24] app_routes.INFO: No routes found for "/favicon.ico". [] []
[2018-09-14 05:25:59] app_routes.INFO: No routes found for "/favicon.ico". [] []
[2018-09-14 05:28:07] app_routes.INFO: No routes found for "/favicon.ico". [] []
[2018-09-14 05:28:25] app_routes.INFO: No routes found for "/favicon.ico". [] []
[2018-09-14 05:28:35] app_routes.INFO: No routes found for "/favicon.ico". [] []
[2018-09-14 05:29:13] app_routes.INFO: No routes found for "/favicon.ico". [] []
[2018-09-14 05:29:48] app_routes.INFO: No routes found for "/favicon.ico". [] []
[2018-09-14 05:29:53] app_routes.INFO: No routes found for "/favicon.ico". [] []
[2018-09-14 05:29:54] app_routes.INFO: No routes found for "/favicon.ico". [] []
[2018-09-14 05:29:54] app_routes.INFO: No routes found for "/favicon.ico". [] []
[2018-09-14 05:30:00] app_routes.INFO: No routes found for "/favicon.ico". [] []
[2018-09-14 05:30:01] app_routes.INFO: No routes found for "/favicon.ico". [] []
[2018-09-14 05:30:01] app_routes.INFO: No routes found for "/favicon.ico". [] []
[2018-09-14 05:55:28] app_routes.INFO: A facade root has not been set. [] []
[2018-09-14 05:55:28] app_routes.INFO: No routes found for "/favicon.ico". [] []
[2018-09-14 06:00:02] app_routes.INFO: A facade root has not been set. [] []
[2018-09-14 06:00:03] app_routes.INFO: No routes found for "/favicon.ico". [] []
[2018-09-14 06:00:26] app_routes.INFO: A facade root has not been set. [] []
[2018-09-14 06:00:26] app_routes.INFO: No routes found for "/favicon.ico". [] []
[2018-09-14 06:01:00] app_routes.INFO: A facade root has not been set. [] []
[2018-09-14 06:01:00] app_routes.INFO: No routes found for "/favicon.ico". [] []
[2018-09-14 06:01:18] app_routes.INFO: A facade root has not been set. [] []
[2018-09-14 06:01:19] app_routes.INFO: No routes found for "/favicon.ico". [] []
[2018-09-14 06:01:25] app_routes.INFO: No routes found for "/favicon.ico". [] []
[2018-09-14 06:01:57] app_routes.INFO: No routes found for "/favicon.ico". [] []
[2018-09-14 06:13:56] app_routes.INFO: No routes found for "/favicon.ico". [] []
[2018-09-14 06:14:29] app_routes.INFO: No routes found for "/favicon.ico". [] []
[2018-09-14 06:19:26] app_routes.INFO: No routes found for "/favicon.ico". [] []
[2018-09-14 06:19:46] app_routes.INFO: No routes found for "/favicon.ico". [] []
[2018-09-14 06:20:04] app_routes.INFO: No routes found for "/favicon.ico". [] []
[2018-09-14 06:24:37] app_routes.INFO: No routes found for "/favicon.ico". [] []
[2018-09-14 06:24:45] app_routes.INFO: No routes found for "/favicon.ico". [] []
[2018-09-14 06:26:11] app_routes.INFO: No routes found for "/favicon.ico". [] []
[2018-09-14 06:26:13] app_routes.INFO: No routes found for "/favicon.ico". [] []
[2018-09-14 06:26:15] app_routes.INFO: No routes found for "/favicon.ico". [] []
[2018-09-14 06:28:03] app_routes.INFO: No routes found for "/favicon.ico". [] []
[2018-09-14 06:29:55] app_routes.INFO: No routes found for "/favicon.ico". [] []
[2018-09-14 06:30:18] app_routes.INFO: No routes found for "/favicon.ico". [] []
[2018-09-14 06:31:20] app_routes.INFO: No routes found for "/favicon.ico". [] []
[2018-09-14 06:41:40] app_routes.INFO: No routes found for "/favicon.ico". [] []
[2018-09-14 06:46:19] app_routes.INFO: No routes found for "/test". [] []
[2018-09-14 06:46:19] app_routes.INFO: No routes found for "/favicon.ico". [] []
[2018-09-14 06:46:37] app_routes.INFO: No routes found for "/test/1". [] []
[2018-09-14 06:46:37] app_routes.INFO: No routes found for "/favicon.ico". [] []
[2018-09-14 06:46:58] app_routes.INFO: class is not exists [] []
[2018-09-14 06:46:58] app_routes.INFO: No routes found for "/favicon.ico". [] []
[2018-09-14 06:47:11] app_routes.INFO: No routes found for "/favicon.ico". [] []
[2018-09-14 06:47:14] app_routes.INFO: class is not exists [] []
[2018-09-14 06:47:14] app_routes.INFO: No routes found for "/favicon.ico". [] []
[2018-09-14 06:48:14] app_routes.INFO: class is not exists class:app\controller\UserController1 [] []
[2018-09-14 06:48:14] app_routes.INFO: No routes found for "/favicon.ico". [] []
[2018-09-14 06:48:41] app_routes.INFO: class is not exists class:app\controller\UserController1 [] []
[2018-09-14 06:48:41] app_routes.INFO: No routes found for "/favicon.ico". [] []
[2018-09-14 06:48:53] app_routes.INFO: No routes found for "/test". [] []
[2018-09-14 06:48:54] app_routes.INFO: No routes found for "/favicon.ico". [] []
[2018-09-14 06:49:04] app_routes.INFO: No routes found for "/test/a". [] []
[2018-09-14 06:49:04] app_routes.INFO: No routes found for "/favicon.ico". [] []
[2018-09-14 06:51:57] app_routes.INFO: No routes found for "/test/a". [] []
[2018-09-14 06:51:57] app_routes.INFO: No routes found for "/favicon.ico". [] []
[2018-09-14 06:52:34] app_routes.INFO: method is not exists method:index_test [] []
[2018-09-14 06:52:34] app_routes.INFO: No routes found for "/favicon.ico". [] []
[2018-09-14 06:56:17] app_routes.INFO: No routes found for "/favicon.ico". [] []
[2018-09-14 06:56:29] app_routes.INFO: method is not exists method:index_test [] []
[2018-09-14 06:56:29] app_routes.INFO: No routes found for "/favicon.ico". [] []
[2018-09-14 06:59:17] app_routes.INFO: method is not exists method:index_test [] []
[2018-09-14 06:59:17] app_routes.INFO: No routes found for "/favicon.ico". [] []
[2018-09-14 07:00:21] app_routes.INFO: No routes found for "/favicon.ico". [] []
[2018-09-14 07:00:51] app_routes.INFO: No routes found for "/favicon.ico". [] []
[2018-09-14 07:02:31] app_routes.INFO: No routes found for "/favicon.ico". [] []
[2018-09-14 07:17:43] app_routes.INFO: No routes found for "/test". [] []
[2018-09-14 07:17:44] app_routes.INFO: No routes found for "/favicon.ico". [] []
[2018-09-14 07:17:55] app_routes.INFO: No routes found for "/favicon.ico". [] []
[2018-09-14 07:18:27] app_routes.INFO: No routes found for "/favicon.ico". [] []
[2018-09-14 07:18:40] app_routes.INFO: No routes found for "/favicon.ico". [] []
[2018-09-14 07:18:58] app_routes.INFO: No routes found for "/favicon.ico". [] []
[2018-09-14 07:19:11] app_routes.INFO: No routes found for "/favicon.ico". [] []
[2018-09-14 07:19:35] app_routes.INFO: No routes found for "/favicon.ico". [] []
[2018-09-14 07:20:13] app_routes.INFO: No routes found for "/favicon.ico". [] []
[2018-09-14 07:21:10] app_routes.INFO: No routes found for "/favicon.ico". [] []
[2018-09-14 07:21:51] app_routes.INFO: No routes found for "/favicon.ico". [] []
[2018-09-14 07:22:04] app_routes.INFO: No routes found for "/favicon.ico". [] []
[2018-09-14 07:22:17] app_routes.INFO: No routes found for "/favicon.ico". [] []
[2018-09-14 07:22:23] app_routes.INFO: No routes found for "/favicon.ico". [] []
[2018-09-14 07:22:44] app_routes.INFO: No routes found for "/favicon.ico". [] []
[2018-09-14 07:22:57] app_routes.INFO: No routes found for "/favicon.ico". [] []
[2018-09-14 07:23:04] app_routes.INFO: No routes found for "/favicon.ico". [] []
[2018-09-14 07:23:12] app_routes.INFO: No routes found for "/favicon.ico". [] []
[2018-09-14 07:23:35] app_routes.INFO: No routes found for "/favicon.ico". [] []
[2018-09-14 07:23:54] app_routes.INFO: No routes found for "/favicon.ico". [] []
[2018-09-14 07:28:24] app_routes.INFO: No routes found for "/favicon.ico". [] []
[2018-09-14 07:30:29] app_routes.INFO: No routes found for "/test". [] []
[2018-09-14 07:30:29] app_routes.INFO: No routes found for "/favicon.ico". [] []
[2018-09-14 07:30:34] app_routes.INFO: No routes found for "/favicon.ico". [] []
[2018-09-14 07:32:30] app_routes.INFO: No routes found for "/favicon.ico". [] []
[2018-09-14 07:46:14] app_routes.INFO: No routes found for "/favicon.ico". [] []
[2018-09-14 07:47:06] app_routes.INFO: No routes found for "/favicon.ico". [] []
[2018-09-14 07:48:19] app_routes.INFO: No routes found for "/favicon.ico". [] []
[2018-09-14 07:48:48] app_routes.INFO: No routes found for "/favicon.ico". [] []
[2018-09-14 07:49:54] app_routes.INFO: No routes found for "/favicon.ico". [] []
[2018-09-14 07:50:10] app_routes.INFO: No routes found for "/favicon.ico". [] []
[2018-09-14 07:50:52] app_routes.INFO: No routes found for "/favicon.ico". [] []
[2018-09-14 07:51:38] app_routes.INFO: No routes found for "/favicon.ico". [] []
[2018-09-14 07:52:22] app_routes.INFO: No routes found for "/favicon.ico". [] []
[2018-09-14 07:52:28] app_routes.INFO: No routes found for "/favicon.ico". [] []
[2018-09-14 08:18:13] app_routes.INFO: No routes found for "/favicon.ico". [] []
[2018-09-14 08:20:31] app_routes.INFO: No routes found for "/favicon.ico". [] []
[2018-09-14 08:21:54] app_routes.INFO: No routes found for "/favicon.ico". [] []
[2018-09-14 08:22:16] app_routes.INFO: No routes found for "/favicon.ico". [] []
[2018-09-14 08:22:31] app_routes.INFO: No routes found for "/test". [] []
[2018-09-14 08:22:33] app_routes.INFO: No routes found for "/favicon.ico". [] []
[2018-09-14 08:22:38] app_routes.INFO: No routes found for "/favicon.ico". [] []
[2018-09-14 08:23:00] app_routes.INFO: No routes found for "/favicon.ico". [] []
[2018-09-14 08:34:57] app_routes.INFO: No routes found for "/favicon.ico". [] []
[2018-09-14 08:35:09] app_routes.INFO: No routes found for "/favicon.ico". [] []
[2018-09-14 08:35:57] app_routes.INFO: No routes found for "/favicon.ico". [] []
[2018-09-14 08:43:42] app_routes.INFO: No routes found for "/favicon.ico". [] []
[2018-09-14 08:53:16] app_routes.INFO: View [welcome] not found. [] []
[2018-09-14 08:53:16] app_routes.INFO: No routes found for "/favicon.ico". [] []
[2018-09-14 08:55:40] app_routes.INFO: No routes found for "/favicon.ico". [] []
[2018-09-14 08:56:18] app_routes.INFO: Call to undefined function app() (View: D:\phpStudy\PHPTutorial\WWW\aproject\resource\views\welcome.blade.php) [] []
[2018-09-14 08:56:18] app_routes.INFO: No routes found for "/favicon.ico". [] []
[2018-09-14 08:58:12] app_routes.INFO: Class welcome does not exist [] []
[2018-09-14 08:58:12] app_routes.INFO: No routes found for "/favicon.ico". [] []
[2018-09-14 09:00:34] app_routes.INFO: Call to undefined function app() (View: D:\phpStudy\PHPTutorial\WWW\aproject\resource\views\welcome.blade.php) [] []
[2018-09-14 09:00:34] app_routes.INFO: No routes found for "/favicon.ico". [] []
[2018-09-14 09:04:32] app_routes.INFO: Call to undefined function app() (View: D:\phpStudy\PHPTutorial\WWW\aproject\resource\views\welcome.blade.php) [] []
[2018-09-14 09:04:32] app_routes.INFO: No routes found for "/favicon.ico". [] []
[2018-09-14 09:04:33] app_routes.INFO: Call to undefined function app() (View: D:\phpStudy\PHPTutorial\WWW\aproject\resource\views\welcome.blade.php) [] []
[2018-09-14 09:04:33] app_routes.INFO: No routes found for "/favicon.ico". [] []
[2018-09-14 09:47:03] app_routes.INFO: No routes found for "/favicon.ico". [] []
[2018-09-14 09:47:06] app_routes.INFO: No routes found for "/favicon.ico". [] []
[2018-09-14 10:33:20] app_routes.INFO: No routes found for "/favicon.ico". [] []
[2018-09-14 10:34:13] app_routes.INFO: No routes found for "/favicon.ico". [] []
[2018-09-14 11:44:36] app_routes.INFO: No routes found for "/favicon.ico". [] []
